<?xml version="1.0" encoding="UTF-8"?>
<!-- Generated by org.testng.reporters.JUnitXMLReporter -->
<testsuite ignored="0" hostname="Shilesh" failures="0" tests="4" name="Default test" time="28.466" errors="0" timestamp="2024-09-10T22:49:07 IST">
  <testcase classname="Practice1.LoginTest" name="unsuccessfulLogin" time="2.788"/>
  <testcase classname="Practice1.LoginTest" name="specialLogin" time="2.63"/>
  <testcase classname="Practice1.LoginTest" name="emptyLogin" time="2.181"/>
  <testcase classname="Practice1.LoginTest" name="successfullLogin" time="1.711"/>
</testsuite> <!-- Default test -->
