<?xml version="1.0" encoding="UTF-8"?>
<!-- Generated by org.testng.reporters.JUnitXMLReporter -->
<testsuite ignored="0" hostname="Shilesh" failures="0" tests="4" name="Test" time="30.251" errors="0" timestamp="2024-09-11T21:25:27 IST">
  <testcase classname="Practice1.LoginTest" name="unsuccessfulLogin" time="3.586"/>
  <testcase classname="Practice1.LoginTest" name="specialcharactersLogin" time="3.45"/>
  <testcase classname="Practice1.LoginTest" name="emptyFieldsLogin" time="2.163"/>
  <testcase classname="Practice1.LoginTest" name="successfullLogin" time="2.483"/>
</testsuite> <!-- Test -->
