<?xml version="1.0" encoding="UTF-8"?>
<!-- Generated by org.testng.reporters.JUnitXMLReporter -->
<testsuite ignored="0" hostname="Shilesh" failures="0" tests="4" name="Test" time="28.759" errors="0" timestamp="2024-09-11T21:33:33 IST">
  <testcase classname="Practice1.LoginTest" name="unsuccessfulLogin" time="3.027"/>
  <testcase classname="Practice1.LoginTest" name="specialcharactersLogin" time="2.931"/>
  <testcase classname="Practice1.LoginTest" name="emptyFieldsLogin" time="2.28"/>
  <testcase classname="Practice1.LoginTest" name="successfullLogin" time="2.559"/>
</testsuite> <!-- Test -->
